 input parameter from : input/param_08.in                                                                                                               
r0, slope_xi:    1.000   1.850
v_inflow, r_inflow, slope_v12:  269.000   1.000   1.850
v_outflow, r_outflow:  600.000   0.481
s12_0:  200.000
r_eq, betaN:    0.066   1.500
    1    -8.9100E+02     5.6866E-01
    2    -8.7300E+02     6.0149E-01
    3    -8.5500E+02     6.3768E-01
    4    -8.3700E+02     6.7737E-01
    5    -8.1900E+02     7.2050E-01
    6    -8.0100E+02     7.6690E-01
    7    -7.8300E+02     8.1631E-01
    8    -7.6500E+02     8.6835E-01
    9    -7.4700E+02     9.2258E-01
   10    -7.2900E+02     9.7842E-01
   11    -7.1100E+02     1.0352E+00
   12    -6.9300E+02     1.0923E+00
   13    -6.7500E+02     1.1487E+00
   14    -6.5700E+02     1.2038E+00
   15    -6.3900E+02     1.2567E+00
   16    -6.2100E+02     1.3065E+00
   17    -6.0300E+02     1.3524E+00
   18    -5.8500E+02     1.3936E+00
   19    -5.6700E+02     1.4294E+00
   20    -5.4900E+02     1.4593E+00
   21    -5.3100E+02     1.4828E+00
   22    -5.1300E+02     1.4996E+00
   23    -4.9500E+02     1.5094E+00
   24    -4.7700E+02     1.5122E+00
   25    -4.5900E+02     1.5081E+00
   26    -4.4100E+02     1.4972E+00
   27    -4.2300E+02     1.4799E+00
   28    -4.0500E+02     1.4567E+00
   29    -3.8700E+02     1.4280E+00
   30    -3.6900E+02     1.3944E+00
   31    -3.5100E+02     1.3565E+00
   32    -3.3300E+02     1.3150E+00
   33    -3.1500E+02     1.2705E+00
   34    -2.9700E+02     1.2237E+00
   35    -2.7900E+02     1.1750E+00
   36    -2.6100E+02     1.1250E+00
   37    -2.4300E+02     1.0742E+00
   38    -2.2500E+02     1.0231E+00
   39    -2.0700E+02     9.7196E-01
   40    -1.8900E+02     9.2110E-01
   41    -1.7100E+02     8.7077E-01
   42    -1.5300E+02     8.2117E-01
   43    -1.3500E+02     7.7247E-01
   44    -1.1700E+02     7.2480E-01
   45    -9.9000E+01     6.7825E-01
   46    -8.1000E+01     6.3291E-01
   47    -6.3000E+01     5.8888E-01
   48    -4.5000E+01     5.4621E-01
   49    -2.7000E+01     5.0497E-01
   50    -9.0000E+00     4.6525E-01
   51     9.0000E+00     4.2710E-01
   52     2.7000E+01     3.9061E-01
   53     4.5000E+01     3.5584E-01
   54     6.3000E+01     3.2285E-01
   55     8.1000E+01     2.9171E-01
   56     9.9000E+01     2.6245E-01
   57     1.1700E+02     2.3513E-01
   58     1.3500E+02     2.0976E-01
   59     1.5300E+02     1.8633E-01
   60     1.7100E+02     1.6485E-01
   61     1.8900E+02     1.4526E-01
   62     2.0700E+02     1.2753E-01
   63     2.2500E+02     1.1158E-01
   64     2.4300E+02     9.7329E-02
   65     2.6100E+02     8.4689E-02
   66     2.7900E+02     7.3552E-02
   67     2.9700E+02     6.3806E-02
   68     3.1500E+02     5.5334E-02
   69     3.3300E+02     4.8019E-02
   70     3.5100E+02     4.1743E-02
   71     3.6900E+02     3.6393E-02
   72     3.8700E+02     3.1857E-02
   73     4.0500E+02     2.8034E-02
   74     4.2300E+02     2.4827E-02
   75     4.4100E+02     2.2148E-02
   76     4.5900E+02     1.9918E-02
   77     4.7700E+02     1.8067E-02
   78     4.9500E+02     1.6532E-02
   79     5.1300E+02     1.5259E-02
   80     5.3100E+02     1.4201E-02
   81     5.4900E+02     1.3320E-02
   82     5.6700E+02     1.2582E-02
   83     5.8500E+02     1.1959E-02
   84     6.0300E+02     1.1428E-02
   85     6.2100E+02     1.0971E-02
   86     6.3900E+02     1.0572E-02
   87     6.5700E+02     1.0220E-02
   88     6.7500E+02     9.9060E-03
   89     6.9300E+02     9.6213E-03
   90     7.1100E+02     9.3603E-03
   91     7.2900E+02     9.1186E-03
   92     7.4700E+02     8.8926E-03
   93     7.6500E+02     8.6796E-03
   94     7.8300E+02     8.4776E-03
   95     8.0100E+02     8.2850E-03
   96     8.1900E+02     8.1006E-03
   97     8.3700E+02     7.9234E-03
   98     8.5500E+02     7.7526E-03
   99     8.7300E+02     7.5879E-03
  100     8.9100E+02     7.4285E-03
 output to : output/IGMtransmission_08_30kpc.dat                                                                                             
