 input parameter from : input/param_12.in                                                                                                               
r0, slope_xi:    1.000   1.850
v_inflow, r_inflow, slope_v12:  269.000   1.000   1.850
v_outflow, r_outflow:    0.000   1.000
s12_0:  100.000
r_eq, betaN:    0.066   1.500
    1    -8.9100E+02     3.7152E-01
    2    -8.7300E+02     3.7195E-01
    3    -8.5500E+02     3.7223E-01
    4    -8.3700E+02     3.7249E-01
    5    -8.1900E+02     3.7273E-01
    6    -8.0100E+02     3.7296E-01
    7    -7.8300E+02     3.7318E-01
    8    -7.6500E+02     3.7339E-01
    9    -7.4700E+02     3.7359E-01
   10    -7.2900E+02     3.7379E-01
   11    -7.1100E+02     3.7399E-01
   12    -6.9300E+02     3.7419E-01
   13    -6.7500E+02     3.7439E-01
   14    -6.5700E+02     3.7460E-01
   15    -6.3900E+02     3.7482E-01
   16    -6.2100E+02     3.7506E-01
   17    -6.0300E+02     3.7531E-01
   18    -5.8500E+02     3.7559E-01
   19    -5.6700E+02     3.7591E-01
   20    -5.4900E+02     3.7627E-01
   21    -5.3100E+02     3.7669E-01
   22    -5.1300E+02     3.7718E-01
   23    -4.9500E+02     3.7777E-01
   24    -4.7700E+02     3.7851E-01
   25    -4.5900E+02     3.7944E-01
   26    -4.4100E+02     3.8067E-01
   27    -4.2300E+02     3.8236E-01
   28    -4.0500E+02     3.8473E-01
   29    -3.8700E+02     3.8821E-01
   30    -3.6900E+02     3.9340E-01
   31    -3.5100E+02     4.0124E-01
   32    -3.3300E+02     4.1309E-01
   33    -3.1500E+02     4.3087E-01
   34    -2.9700E+02     4.5715E-01
   35    -2.7900E+02     4.9518E-01
   36    -2.6100E+02     5.4891E-01
   37    -2.4300E+02     6.2270E-01
   38    -2.2500E+02     7.2103E-01
   39    -2.0700E+02     8.4781E-01
   40    -1.8900E+02     1.0057E+00
   41    -1.7100E+02     1.1950E+00
   42    -1.5300E+02     1.4131E+00
   43    -1.3500E+02     1.6536E+00
   44    -1.1700E+02     1.9063E+00
   45    -9.9000E+01     2.1572E+00
   46    -8.1000E+01     2.3898E+00
   47    -6.3000E+01     2.5868E+00
   48    -4.5000E+01     2.7318E+00
   49    -2.7000E+01     2.8114E+00
   50    -9.0000E+00     2.8174E+00
   51     9.0000E+00     2.7479E+00
   52     2.7000E+01     2.6071E+00
   53     4.5000E+01     2.4057E+00
   54     6.3000E+01     2.1585E+00
   55     8.1000E+01     1.8831E+00
   56     9.9000E+01     1.5975E+00
   57     1.1700E+02     1.3180E+00
   58     1.3500E+02     1.0581E+00
   59     1.5300E+02     8.2696E-01
   60     1.7100E+02     6.2994E-01
   61     1.8900E+02     4.6848E-01
   62     2.0700E+02     3.4098E-01
   63     2.2500E+02     2.4387E-01
   64     2.4300E+02     1.7241E-01
   65     2.6100E+02     1.2152E-01
   66     2.7900E+02     8.6397E-02
   67     2.9700E+02     6.2846E-02
   68     3.1500E+02     4.7455E-02
   69     3.3300E+02     3.7599E-02
   70     3.5100E+02     3.1365E-02
   71     3.6900E+02     2.7421E-02
   72     3.8700E+02     2.4878E-02
   73     4.0500E+02     2.3170E-02
   74     4.2300E+02     2.1947E-02
   75     4.4100E+02     2.1004E-02
   76     4.5900E+02     2.0221E-02
   77     4.7700E+02     1.9535E-02
   78     4.9500E+02     1.8908E-02
   79     5.1300E+02     1.8324E-02
   80     5.3100E+02     1.7771E-02
   81     5.4900E+02     1.7245E-02
   82     5.6700E+02     1.6741E-02
   83     5.8500E+02     1.6259E-02
   84     6.0300E+02     1.5797E-02
   85     6.2100E+02     1.5353E-02
   86     6.3900E+02     1.4927E-02
   87     6.5700E+02     1.4518E-02
   88     6.7500E+02     1.4124E-02
   89     6.9300E+02     1.3745E-02
   90     7.1100E+02     1.3381E-02
   91     7.2900E+02     1.3030E-02
   92     7.4700E+02     1.2692E-02
   93     7.6500E+02     1.2367E-02
   94     7.8300E+02     1.2053E-02
   95     8.0100E+02     1.1751E-02
   96     8.1900E+02     1.1459E-02
   97     8.3700E+02     1.1178E-02
   98     8.5500E+02     1.0907E-02
   99     8.7300E+02     1.0644E-02
  100     8.9100E+02     1.0391E-02
 output to : output/IGMtransmission_12_30kpc.dat                                                                                             
