 input parameter from : input/param_09.in                                                                                                               
r0, slope_xi:    1.000   1.850
v_inflow, r_inflow, slope_v12:  269.000   1.000   1.850
v_outflow, r_outflow:  400.000   0.114
s12_0:  200.000
r_eq, betaN:    0.066   1.500
    1    -8.9100E+02     3.7916E-01
    2    -8.7300E+02     3.8140E-01
    3    -8.5500E+02     3.8397E-01
    4    -8.3700E+02     3.8708E-01
    5    -8.1900E+02     3.9088E-01
    6    -8.0100E+02     3.9549E-01
    7    -7.8300E+02     4.0109E-01
    8    -7.6500E+02     4.0783E-01
    9    -7.4700E+02     4.1592E-01
   10    -7.2900E+02     4.2555E-01
   11    -7.1100E+02     4.3694E-01
   12    -6.9300E+02     4.5031E-01
   13    -6.7500E+02     4.6588E-01
   14    -6.5700E+02     4.8388E-01
   15    -6.3900E+02     5.0452E-01
   16    -6.2100E+02     5.2798E-01
   17    -6.0300E+02     5.5442E-01
   18    -5.8500E+02     5.8397E-01
   19    -5.6700E+02     6.1669E-01
   20    -5.4900E+02     6.5262E-01
   21    -5.3100E+02     6.9169E-01
   22    -5.1300E+02     7.3380E-01
   23    -4.9500E+02     7.7873E-01
   24    -4.7700E+02     8.2621E-01
   25    -4.5900E+02     8.7588E-01
   26    -4.4100E+02     9.2727E-01
   27    -4.2300E+02     9.7989E-01
   28    -4.0500E+02     1.0331E+00
   29    -3.8700E+02     1.0863E+00
   30    -3.6900E+02     1.1387E+00
   31    -3.5100E+02     1.1897E+00
   32    -3.3300E+02     1.2384E+00
   33    -3.1500E+02     1.2842E+00
   34    -2.9700E+02     1.3262E+00
   35    -2.7900E+02     1.3638E+00
   36    -2.6100E+02     1.3963E+00
   37    -2.4300E+02     1.4232E+00
   38    -2.2500E+02     1.4440E+00
   39    -2.0700E+02     1.4583E+00
   40    -1.8900E+02     1.4657E+00
   41    -1.7100E+02     1.4662E+00
   42    -1.5300E+02     1.4596E+00
   43    -1.3500E+02     1.4459E+00
   44    -1.1700E+02     1.4254E+00
   45    -9.9000E+01     1.3983E+00
   46    -8.1000E+01     1.3648E+00
   47    -6.3000E+01     1.3256E+00
   48    -4.5000E+01     1.2811E+00
   49    -2.7000E+01     1.2318E+00
   50    -9.0000E+00     1.1784E+00
   51     9.0000E+00     1.1217E+00
   52     2.7000E+01     1.0621E+00
   53     4.5000E+01     1.0006E+00
   54     6.3000E+01     9.3775E-01
   55     8.1000E+01     8.7425E-01
   56     9.9000E+01     8.1077E-01
   57     1.1700E+02     7.4793E-01
   58     1.3500E+02     6.8630E-01
   59     1.5300E+02     6.2640E-01
   60     1.7100E+02     5.6868E-01
   61     1.8900E+02     5.1353E-01
   62     2.0700E+02     4.6126E-01
   63     2.2500E+02     4.1212E-01
   64     2.4300E+02     3.6630E-01
   65     2.6100E+02     3.2389E-01
   66     2.7900E+02     2.8496E-01
   67     2.9700E+02     2.4949E-01
   68     3.1500E+02     2.1742E-01
   69     3.3300E+02     1.8864E-01
   70     3.5100E+02     1.6301E-01
   71     3.6900E+02     1.4036E-01
   72     3.8700E+02     1.2047E-01
   73     4.0500E+02     1.0315E-01
   74     4.2300E+02     8.8172E-02
   75     4.4100E+02     7.5305E-02
   76     4.5900E+02     6.4330E-02
   77     4.7700E+02     5.5030E-02
   78     4.9500E+02     4.7201E-02
   79     5.1300E+02     4.0648E-02
   80     5.3100E+02     3.5196E-02
   81     5.4900E+02     3.0682E-02
   82     5.6700E+02     2.6961E-02
   83     5.8500E+02     2.3906E-02
   84     6.0300E+02     2.1404E-02
   85     6.2100E+02     1.9357E-02
   86     6.3900E+02     1.7684E-02
   87     6.5700E+02     1.6313E-02
   88     6.7500E+02     1.5187E-02
   89     6.9300E+02     1.4256E-02
   90     7.1100E+02     1.3480E-02
   91     7.2900E+02     1.2828E-02
   92     7.4700E+02     1.2273E-02
   93     7.6500E+02     1.1794E-02
   94     7.8300E+02     1.1376E-02
   95     8.0100E+02     1.1004E-02
   96     8.1900E+02     1.0670E-02
   97     8.3700E+02     1.0366E-02
   98     8.5500E+02     1.0085E-02
   99     8.7300E+02     9.8237E-03
  100     8.9100E+02     9.5780E-03
 output to : output/IGMtransmission_09_30kpc.dat                                                                                             
