 input parameter from : input/param_10.in                                                                                                               
r0, slope_xi:    1.000   1.850
v_inflow, r_inflow, slope_v12:  269.000   1.000   1.850
v_outflow, r_outflow:  800.000   0.228
s12_0:  200.000
r_eq, betaN:    0.066   1.500
    1    -8.9100E+02     7.1906E-01
    2    -8.7300E+02     7.5943E-01
    3    -8.5500E+02     8.0129E-01
    4    -8.3700E+02     8.4442E-01
    5    -8.1900E+02     8.8840E-01
    6    -8.0100E+02     9.3271E-01
    7    -7.8300E+02     9.7683E-01
    8    -7.6500E+02     1.0202E+00
    9    -7.4700E+02     1.0622E+00
   10    -7.2900E+02     1.1022E+00
   11    -7.1100E+02     1.1398E+00
   12    -6.9300E+02     1.1743E+00
   13    -6.7500E+02     1.2053E+00
   14    -6.5700E+02     1.2324E+00
   15    -6.3900E+02     1.2552E+00
   16    -6.2100E+02     1.2735E+00
   17    -6.0300E+02     1.2871E+00
   18    -5.8500E+02     1.2960E+00
   19    -5.6700E+02     1.3001E+00
   20    -5.4900E+02     1.2997E+00
   21    -5.3100E+02     1.2949E+00
   22    -5.1300E+02     1.2859E+00
   23    -4.9500E+02     1.2732E+00
   24    -4.7700E+02     1.2570E+00
   25    -4.5900E+02     1.2379E+00
   26    -4.4100E+02     1.2162E+00
   27    -4.2300E+02     1.1924E+00
   28    -4.0500E+02     1.1669E+00
   29    -3.8700E+02     1.1402E+00
   30    -3.6900E+02     1.1125E+00
   31    -3.5100E+02     1.0843E+00
   32    -3.3300E+02     1.0558E+00
   33    -3.1500E+02     1.0273E+00
   34    -2.9700E+02     9.9882E-01
   35    -2.7900E+02     9.7060E-01
   36    -2.6100E+02     9.4269E-01
   37    -2.4300E+02     9.1508E-01
   38    -2.2500E+02     8.8775E-01
   39    -2.0700E+02     8.6065E-01
   40    -1.8900E+02     8.3367E-01
   41    -1.7100E+02     8.0673E-01
   42    -1.5300E+02     7.7969E-01
   43    -1.3500E+02     7.5245E-01
   44    -1.1700E+02     7.2491E-01
   45    -9.9000E+01     6.9696E-01
   46    -8.1000E+01     6.6855E-01
   47    -6.3000E+01     6.3963E-01
   48    -4.5000E+01     6.1020E-01
   49    -2.7000E+01     5.8029E-01
   50    -9.0000E+00     5.4994E-01
   51     9.0000E+00     5.1927E-01
   52     2.7000E+01     4.8838E-01
   53     4.5000E+01     4.5742E-01
   54     6.3000E+01     4.2657E-01
   55     8.1000E+01     3.9600E-01
   56     9.9000E+01     3.6590E-01
   57     1.1700E+02     3.3646E-01
   58     1.3500E+02     3.0788E-01
   59     1.5300E+02     2.8033E-01
   60     1.7100E+02     2.5396E-01
   61     1.8900E+02     2.2892E-01
   62     2.0700E+02     2.0532E-01
   63     2.2500E+02     1.8325E-01
   64     2.4300E+02     1.6277E-01
   65     2.6100E+02     1.4392E-01
   66     2.7900E+02     1.2669E-01
   67     2.9700E+02     1.1108E-01
   68     3.1500E+02     9.7033E-02
   69     3.3300E+02     8.4497E-02
   70     3.5100E+02     7.3393E-02
   71     3.6900E+02     6.3631E-02
   72     3.8700E+02     5.5112E-02
   73     4.0500E+02     4.7731E-02
   74     4.2300E+02     4.1380E-02
   75     4.4100E+02     3.5953E-02
   76     4.5900E+02     3.1345E-02
   77     4.7700E+02     2.7456E-02
   78     4.9500E+02     2.4191E-02
   79     5.1300E+02     2.1465E-02
   80     5.3100E+02     1.9197E-02
   81     5.4900E+02     1.7316E-02
   82     5.6700E+02     1.5760E-02
   83     5.8500E+02     1.4474E-02
   84     6.0300E+02     1.3410E-02
   85     6.2100E+02     1.2528E-02
   86     6.3900E+02     1.1794E-02
   87     6.5700E+02     1.1178E-02
   88     6.7500E+02     1.0657E-02
   89     6.9300E+02     1.0213E-02
   90     7.1100E+02     9.8288E-03
   91     7.2900E+02     9.4927E-03
   92     7.4700E+02     9.1946E-03
   93     7.6500E+02     8.9266E-03
   94     7.8300E+02     8.6826E-03
   95     8.0100E+02     8.4579E-03
   96     8.1900E+02     8.2488E-03
   97     8.3700E+02     8.0524E-03
   98     8.5500E+02     7.8667E-03
   99     8.7300E+02     7.6900E-03
  100     8.9100E+02     7.5211E-03
 output to : output/IGMtransmission_10_30kpc.dat                                                                                             
