 input parameter from : input/param_11.in                                                                                                               
r0, slope_xi:    1.000   1.850
v_inflow, r_inflow, slope_v12:  269.000   1.000   1.850
v_outflow, r_outflow:    0.000   1.000
s12_0:  300.000
r_eq, betaN:    0.066   1.500
    1    -8.9100E+02     3.8466E-01
    2    -8.7300E+02     3.8751E-01
    3    -8.5500E+02     3.9059E-01
    4    -8.3700E+02     3.9407E-01
    5    -8.1900E+02     3.9801E-01
    6    -8.0100E+02     4.0247E-01
    7    -7.8300E+02     4.0750E-01
    8    -7.6500E+02     4.1316E-01
    9    -7.4700E+02     4.1952E-01
   10    -7.2900E+02     4.2664E-01
   11    -7.1100E+02     4.3458E-01
   12    -6.9300E+02     4.4342E-01
   13    -6.7500E+02     4.5320E-01
   14    -6.5700E+02     4.6400E-01
   15    -6.3900E+02     4.7586E-01
   16    -6.2100E+02     4.8885E-01
   17    -6.0300E+02     5.0301E-01
   18    -5.8500E+02     5.1837E-01
   19    -5.6700E+02     5.3496E-01
   20    -5.4900E+02     5.5281E-01
   21    -5.3100E+02     5.7191E-01
   22    -5.1300E+02     5.9226E-01
   23    -4.9500E+02     6.1382E-01
   24    -4.7700E+02     6.3657E-01
   25    -4.5900E+02     6.6044E-01
   26    -4.4100E+02     6.8534E-01
   27    -4.2300E+02     7.1118E-01
   28    -4.0500E+02     7.3784E-01
   29    -3.8700E+02     7.6517E-01
   30    -3.6900E+02     7.9302E-01
   31    -3.5100E+02     8.2122E-01
   32    -3.3300E+02     8.4955E-01
   33    -3.1500E+02     8.7781E-01
   34    -2.9700E+02     9.0577E-01
   35    -2.7900E+02     9.3318E-01
   36    -2.6100E+02     9.5981E-01
   37    -2.4300E+02     9.8540E-01
   38    -2.2500E+02     1.0097E+00
   39    -2.0700E+02     1.0324E+00
   40    -1.8900E+02     1.0533E+00
   41    -1.7100E+02     1.0722E+00
   42    -1.5300E+02     1.0888E+00
   43    -1.3500E+02     1.1028E+00
   44    -1.1700E+02     1.1142E+00
   45    -9.9000E+01     1.1227E+00
   46    -8.1000E+01     1.1283E+00
   47    -6.3000E+01     1.1306E+00
   48    -4.5000E+01     1.1298E+00
   49    -2.7000E+01     1.1257E+00
   50    -9.0000E+00     1.1184E+00
   51     9.0000E+00     1.1078E+00
   52     2.7000E+01     1.0939E+00
   53     4.5000E+01     1.0770E+00
   54     6.3000E+01     1.0570E+00
   55     8.1000E+01     1.0342E+00
   56     9.9000E+01     1.0088E+00
   57     1.1700E+02     9.8081E-01
   58     1.3500E+02     9.5061E-01
   59     1.5300E+02     9.1840E-01
   60     1.7100E+02     8.8445E-01
   61     1.8900E+02     8.4902E-01
   62     2.0700E+02     8.1238E-01
   63     2.2500E+02     7.7482E-01
   64     2.4300E+02     7.3661E-01
   65     2.6100E+02     6.9802E-01
   66     2.7900E+02     6.5933E-01
   67     2.9700E+02     6.2077E-01
   68     3.1500E+02     5.8259E-01
   69     3.3300E+02     5.4501E-01
   70     3.5100E+02     5.0824E-01
   71     3.6900E+02     4.7244E-01
   72     3.8700E+02     4.3779E-01
   73     4.0500E+02     4.0441E-01
   74     4.2300E+02     3.7243E-01
   75     4.4100E+02     3.4194E-01
   76     4.5900E+02     3.1300E-01
   77     4.7700E+02     2.8567E-01
   78     4.9500E+02     2.5998E-01
   79     5.1300E+02     2.3594E-01
   80     5.3100E+02     2.1354E-01
   81     5.4900E+02     1.9276E-01
   82     5.6700E+02     1.7356E-01
   83     5.8500E+02     1.5591E-01
   84     6.0300E+02     1.3975E-01
   85     6.2100E+02     1.2500E-01
   86     6.3900E+02     1.1160E-01
   87     6.5700E+02     9.9475E-02
   88     6.7500E+02     8.8545E-02
   89     6.9300E+02     7.8729E-02
   90     7.1100E+02     6.9947E-02
   91     7.2900E+02     6.2117E-02
   92     7.4700E+02     5.5162E-02
   93     7.6500E+02     4.9003E-02
   94     7.8300E+02     4.3568E-02
   95     8.0100E+02     3.8787E-02
   96     8.1900E+02     3.4593E-02
   97     8.3700E+02     3.0925E-02
   98     8.5500E+02     2.7724E-02
   99     8.7300E+02     2.4938E-02
  100     8.9100E+02     2.2517E-02
 output to : output/IGMtransmission_11_30kpc.dat                                                                                             
